<?xml version="1.0" encoding="UTF-8"?>
<!-- Generated by org.testng.reporters.JUnitReportReporter -->
<testsuite hostname="DinendraZenbook" failures="0" tests="1" name="tests.TestExamples" time="4.036" errors="0" timestamp="2024-05-09T20:48:51 IST" skipped="0">
  <testcase classname="tests.TestExamples" name="test" time="4.036"/>
</testsuite> <!-- tests.TestExamples -->
