<?xml version="1.0" encoding="UTF-8"?>
<!-- Generated by org.testng.reporters.JUnitReportReporter -->
<testsuite hostname="DinendraZenbook" failures="0" tests="2" name="tests.GetandPostExamples" time="5.517" errors="0" timestamp="2024-05-19T17:46:33 IST" skipped="0">
  <testcase classname="tests.GetandPostExamples" name="testGet" time="0.972"/>
  <testcase classname="tests.GetandPostExamples" name="testPost" time="4.545"/>
</testsuite> <!-- tests.GetandPostExamples -->
